2025-08-21 18:59:25,409 - === TEST METRICS ===
2025-08-21 18:59:25,409 - balanced_roc_auc: 0.5017
2025-08-21 18:59:25,409 - balanced_pr_auc: 0.5044
2025-08-21 18:59:25,409 - balanced_f1: 0.5042
2025-08-21 18:59:25,409 - balanced_precision: 0.5061
2025-08-21 18:59:25,409 - balanced_recall: 0.5060
2025-08-21 18:59:25,409 - balanced_accuracy: 0.5060
2025-08-21 18:59:25,409 - balanced_mcc: 0.0120
2025-08-21 18:59:25,409 - balanced_threshold: 0.6191937923431396
2025-08-21 18:59:25,409 - loss: 0.7381
2025-08-21 18:59:25,409 - ==================================================
2025-08-21 19:29:50,324 - === VALID METRICS ===
2025-08-21 19:29:50,326 - balanced_roc_auc: 0.8986
2025-08-21 19:29:50,326 - balanced_pr_auc: 0.8892
2025-08-21 19:29:50,326 - balanced_f1: 0.8683
2025-08-21 19:29:50,326 - balanced_precision: 0.8747
2025-08-21 19:29:50,326 - balanced_recall: 0.8688
2025-08-21 19:29:50,326 - balanced_accuracy: 0.8688
2025-08-21 19:29:50,326 - balanced_mcc: 0.7435
2025-08-21 19:29:50,326 - balanced_threshold: 0.4614785611629486
2025-08-21 19:29:50,326 - loss: 0.5430
2025-08-21 19:29:50,326 - ==================================================
2025-08-21 20:00:07,221 - === VALID METRICS ===
2025-08-21 20:00:07,222 - balanced_roc_auc: 0.8711
2025-08-21 20:00:07,222 - balanced_pr_auc: 0.8779
2025-08-21 20:00:07,222 - balanced_f1: 0.8251
2025-08-21 20:00:07,222 - balanced_precision: 0.8282
2025-08-21 20:00:07,222 - balanced_recall: 0.8254
2025-08-21 20:00:07,222 - balanced_accuracy: 0.8254
2025-08-21 20:00:07,222 - balanced_mcc: 0.6536
2025-08-21 20:00:07,222 - balanced_threshold: 0.5733826160430908
2025-08-21 20:00:07,222 - loss: 0.5322
2025-08-21 20:00:07,222 - ==================================================
2025-08-21 20:30:00,853 - === VALID METRICS ===
2025-08-21 20:30:00,854 - balanced_roc_auc: 0.9053
2025-08-21 20:30:00,854 - balanced_pr_auc: 0.8977
2025-08-21 20:30:00,854 - balanced_f1: 0.8683
2025-08-21 20:30:00,854 - balanced_precision: 0.8683
2025-08-21 20:30:00,854 - balanced_recall: 0.8683
2025-08-21 20:30:00,854 - balanced_accuracy: 0.8683
2025-08-21 20:30:00,854 - balanced_mcc: 0.7367
2025-08-21 20:30:00,854 - balanced_threshold: 0.5931152701377869
2025-08-21 20:30:00,854 - loss: 0.5219
2025-08-21 20:30:00,854 - ==================================================
2025-08-21 20:59:55,979 - === VALID METRICS ===
2025-08-21 20:59:55,980 - balanced_roc_auc: 0.8848
2025-08-21 20:59:55,980 - balanced_pr_auc: 0.8852
2025-08-21 20:59:55,980 - balanced_f1: 0.8318
2025-08-21 20:59:55,980 - balanced_precision: 0.8333
2025-08-21 20:59:55,980 - balanced_recall: 0.8320
2025-08-21 20:59:55,980 - balanced_accuracy: 0.8320
2025-08-21 20:59:55,980 - balanced_mcc: 0.6652
2025-08-21 20:59:55,980 - balanced_threshold: 0.6352872252464294
2025-08-21 20:59:55,980 - loss: 0.5378
2025-08-21 20:59:55,980 - ==================================================
2025-08-21 21:29:53,021 - === VALID METRICS ===
2025-08-21 21:29:53,022 - balanced_roc_auc: 0.8793
2025-08-21 21:29:53,022 - balanced_pr_auc: 0.8858
2025-08-21 21:29:53,022 - balanced_f1: 0.8448
2025-08-21 21:29:53,022 - balanced_precision: 0.8472
2025-08-21 21:29:53,022 - balanced_recall: 0.8451
2025-08-21 21:29:53,022 - balanced_accuracy: 0.8451
2025-08-21 21:29:53,022 - balanced_mcc: 0.6923
2025-08-21 21:29:53,022 - balanced_threshold: 0.47800636291503906
2025-08-21 21:29:53,022 - loss: 0.5385
2025-08-21 21:29:53,022 - ==================================================
2025-08-21 21:59:51,575 - === VALID METRICS ===
2025-08-21 21:59:51,576 - balanced_roc_auc: 0.8775
2025-08-21 21:59:51,576 - balanced_pr_auc: 0.8819
2025-08-21 21:59:51,576 - balanced_f1: 0.8275
2025-08-21 21:59:51,576 - balanced_precision: 0.8302
2025-08-21 21:59:51,576 - balanced_recall: 0.8278
2025-08-21 21:59:51,576 - balanced_accuracy: 0.8278
2025-08-21 21:59:51,576 - balanced_mcc: 0.6580
2025-08-21 21:59:51,576 - balanced_threshold: 0.4819217622280121
2025-08-21 21:59:51,576 - loss: 0.5388
2025-08-21 21:59:51,576 - ==================================================
2025-08-21 22:29:48,745 - === VALID METRICS ===
2025-08-21 22:29:48,746 - balanced_roc_auc: 0.8764
2025-08-21 22:29:48,746 - balanced_pr_auc: 0.8812
2025-08-21 22:29:48,746 - balanced_f1: 0.8260
2025-08-21 22:29:48,746 - balanced_precision: 0.8303
2025-08-21 22:29:48,746 - balanced_recall: 0.8265
2025-08-21 22:29:48,746 - balanced_accuracy: 0.8265
2025-08-21 22:29:48,746 - balanced_mcc: 0.6568
2025-08-21 22:29:48,746 - balanced_threshold: 0.5033450126647949
2025-08-21 22:29:48,746 - loss: 0.5401
2025-08-21 22:29:48,746 - ==================================================
2025-08-21 22:32:21,525 - === VALID METRICS ===
2025-08-21 22:32:21,526 - balanced_roc_auc: 0.8765
2025-08-21 22:32:21,526 - balanced_pr_auc: 0.8813
2025-08-21 22:32:21,526 - balanced_f1: 0.8263
2025-08-21 22:32:21,526 - balanced_precision: 0.8308
2025-08-21 22:32:21,526 - balanced_recall: 0.8268
2025-08-21 22:32:21,526 - balanced_accuracy: 0.8268
2025-08-21 22:32:21,526 - balanced_mcc: 0.6576
2025-08-21 22:32:21,526 - balanced_threshold: 0.5101019740104675
2025-08-21 22:32:21,526 - loss: 0.5401
2025-08-21 22:32:21,526 - ==================================================
2025-08-21 22:32:52,799 - === TEST METRICS ===
2025-08-21 22:32:52,800 - balanced_roc_auc: 0.6406
2025-08-21 22:32:52,800 - balanced_pr_auc: 0.6174
2025-08-21 22:32:52,800 - balanced_f1: 0.6252
2025-08-21 22:32:52,800 - balanced_precision: 0.6253
2025-08-21 22:32:52,800 - balanced_recall: 0.6253
2025-08-21 22:32:52,800 - balanced_accuracy: 0.6253
2025-08-21 22:32:52,800 - balanced_mcc: 0.2506
2025-08-21 22:32:52,800 - balanced_threshold: 0.8862483501434326
2025-08-21 22:32:52,800 - loss: 1.1120
2025-08-21 22:32:52,801 - ==================================================
