2025-08-25 18:29:03,592 - === TEST METRICS ===
2025-08-25 18:29:03,593 - balanced_roc_auc: 0.5334
2025-08-25 18:29:03,593 - balanced_pr_auc: 0.5351
2025-08-25 18:29:03,593 - balanced_f1: 0.5239
2025-08-25 18:29:03,593 - balanced_precision: 0.5246
2025-08-25 18:29:03,593 - balanced_recall: 0.5245
2025-08-25 18:29:03,593 - balanced_accuracy: 0.5245
2025-08-25 18:29:03,593 - balanced_mcc: 0.0492
2025-08-25 18:29:03,593 - balanced_threshold: 0.46370992064476013
2025-08-25 18:29:03,593 - loss: 0.6937
2025-08-25 18:29:03,593 - ==================================================
2025-08-25 19:00:56,750 - === VALID METRICS ===
2025-08-25 19:00:56,751 - balanced_roc_auc: 0.8956
2025-08-25 19:00:56,751 - balanced_pr_auc: 0.8817
2025-08-25 19:00:56,751 - balanced_f1: 0.8418
2025-08-25 19:00:56,751 - balanced_precision: 0.8583
2025-08-25 19:00:56,751 - balanced_recall: 0.8434
2025-08-25 19:00:56,751 - balanced_accuracy: 0.8434
2025-08-25 19:00:56,751 - balanced_mcc: 0.7015
2025-08-25 19:00:56,751 - balanced_threshold: 0.5722740888595581
2025-08-25 19:00:56,751 - loss: 0.5456
2025-08-25 19:00:56,751 - ==================================================
2025-08-25 19:31:58,975 - === VALID METRICS ===
2025-08-25 19:31:58,977 - balanced_roc_auc: 0.8859
2025-08-25 19:31:58,977 - balanced_pr_auc: 0.8683
2025-08-25 19:31:58,977 - balanced_f1: 0.8339
2025-08-25 19:31:58,977 - balanced_precision: 0.8415
2025-08-25 19:31:58,977 - balanced_recall: 0.8348
2025-08-25 19:31:58,977 - balanced_accuracy: 0.8348
2025-08-25 19:31:58,977 - balanced_mcc: 0.6762
2025-08-25 19:31:58,977 - balanced_threshold: 0.6698746681213379
2025-08-25 19:31:58,977 - loss: 0.5707
2025-08-25 19:31:58,977 - ==================================================
2025-08-25 20:02:49,914 - === VALID METRICS ===
2025-08-25 20:02:49,915 - balanced_roc_auc: 0.8710
2025-08-25 20:02:49,915 - balanced_pr_auc: 0.8652
2025-08-25 20:02:49,915 - balanced_f1: 0.8213
2025-08-25 20:02:49,915 - balanced_precision: 0.8219
2025-08-25 20:02:49,915 - balanced_recall: 0.8214
2025-08-25 20:02:49,915 - balanced_accuracy: 0.8214
2025-08-25 20:02:49,915 - balanced_mcc: 0.6432
2025-08-25 20:02:49,915 - balanced_threshold: 0.6783146262168884
2025-08-25 20:02:49,915 - loss: 0.5736
2025-08-25 20:02:49,915 - ==================================================
2025-08-25 20:33:43,887 - === VALID METRICS ===
2025-08-25 20:33:43,888 - balanced_roc_auc: 0.8236
2025-08-25 20:33:43,888 - balanced_pr_auc: 0.8357
2025-08-25 20:33:43,888 - balanced_f1: 0.7531
2025-08-25 20:33:43,888 - balanced_precision: 0.7709
2025-08-25 20:33:43,888 - balanced_recall: 0.7564
2025-08-25 20:33:43,888 - balanced_accuracy: 0.7564
2025-08-25 20:33:43,888 - balanced_mcc: 0.5271
2025-08-25 20:33:43,888 - balanced_threshold: 0.4576128423213959
2025-08-25 20:33:43,888 - loss: 0.5861
2025-08-25 20:33:43,888 - ==================================================
2025-08-25 21:04:43,096 - === VALID METRICS ===
2025-08-25 21:04:43,097 - balanced_roc_auc: 0.8654
2025-08-25 21:04:43,097 - balanced_pr_auc: 0.8665
2025-08-25 21:04:43,097 - balanced_f1: 0.8011
2025-08-25 21:04:43,097 - balanced_precision: 0.8011
2025-08-25 21:04:43,097 - balanced_recall: 0.8011
2025-08-25 21:04:43,097 - balanced_accuracy: 0.8011
2025-08-25 21:04:43,097 - balanced_mcc: 0.6022
2025-08-25 21:04:43,097 - balanced_threshold: 0.47814202308654785
2025-08-25 21:04:43,097 - loss: 0.5743
2025-08-25 21:04:43,097 - ==================================================
2025-08-25 21:35:42,958 - === VALID METRICS ===
2025-08-25 21:35:42,959 - balanced_roc_auc: 0.8672
2025-08-25 21:35:42,959 - balanced_pr_auc: 0.8676
2025-08-25 21:35:42,959 - balanced_f1: 0.7924
2025-08-25 21:35:42,959 - balanced_precision: 0.8093
2025-08-25 21:35:42,959 - balanced_recall: 0.7948
2025-08-25 21:35:42,959 - balanced_accuracy: 0.7948
2025-08-25 21:35:42,959 - balanced_mcc: 0.6039
2025-08-25 21:35:42,959 - balanced_threshold: 0.45761722326278687
2025-08-25 21:35:42,959 - loss: 0.5611
2025-08-25 21:35:42,959 - ==================================================
2025-08-25 22:06:41,958 - === VALID METRICS ===
2025-08-25 22:06:41,959 - balanced_roc_auc: 0.8669
2025-08-25 22:06:41,959 - balanced_pr_auc: 0.8653
2025-08-25 22:06:41,959 - balanced_f1: 0.7870
2025-08-25 22:06:41,959 - balanced_precision: 0.7871
2025-08-25 22:06:41,959 - balanced_recall: 0.7870
2025-08-25 22:06:41,959 - balanced_accuracy: 0.7870
2025-08-25 22:06:41,959 - balanced_mcc: 0.5740
2025-08-25 22:06:41,959 - balanced_threshold: 0.45764678716659546
2025-08-25 22:06:41,959 - loss: 0.5656
2025-08-25 22:06:41,959 - ==================================================
2025-08-25 22:09:55,737 - === VALID METRICS ===
2025-08-25 22:09:55,739 - balanced_roc_auc: 0.8669
2025-08-25 22:09:55,739 - balanced_pr_auc: 0.8653
2025-08-25 22:09:55,739 - balanced_f1: 0.7888
2025-08-25 22:09:55,739 - balanced_precision: 0.7888
2025-08-25 22:09:55,739 - balanced_recall: 0.7888
2025-08-25 22:09:55,739 - balanced_accuracy: 0.7888
2025-08-25 22:09:55,739 - balanced_mcc: 0.5776
2025-08-25 22:09:55,739 - balanced_threshold: 0.45765212178230286
2025-08-25 22:09:55,739 - loss: 0.5655
2025-08-25 22:09:55,739 - ==================================================
2025-08-25 22:10:27,760 - === TEST METRICS ===
2025-08-25 22:10:27,761 - balanced_roc_auc: 0.6083
2025-08-25 22:10:27,761 - balanced_pr_auc: 0.5790
2025-08-25 22:10:27,761 - balanced_f1: 0.6018
2025-08-25 22:10:27,761 - balanced_precision: 0.6020
2025-08-25 22:10:27,761 - balanced_recall: 0.6019
2025-08-25 22:10:27,761 - balanced_accuracy: 0.6019
2025-08-25 22:10:27,761 - balanced_mcc: 0.2038
2025-08-25 22:10:27,761 - balanced_threshold: 0.8893830180168152
2025-08-25 22:10:27,761 - loss: 1.1845
2025-08-25 22:10:27,761 - ==================================================
