2025-08-21 15:19:45,565 - === TEST METRICS ===
2025-08-21 15:19:45,566 - balanced_roc_auc: 0.5377
2025-08-21 15:19:45,566 - balanced_pr_auc: 0.5311
2025-08-21 15:19:45,566 - balanced_f1: 0.5300
2025-08-21 15:19:45,566 - balanced_precision: 0.5311
2025-08-21 15:19:45,566 - balanced_recall: 0.5309
2025-08-21 15:19:45,566 - balanced_accuracy: 0.5309
2025-08-21 15:19:45,566 - balanced_mcc: 0.0620
2025-08-21 15:19:45,566 - balanced_threshold: 0.49963143467903137
2025-08-21 15:19:45,566 - loss: 0.6939
2025-08-21 15:19:45,566 - ==================================================
2025-08-21 15:51:19,318 - === VALID METRICS ===
2025-08-21 15:51:19,319 - balanced_roc_auc: 0.8912
2025-08-21 15:51:19,319 - balanced_pr_auc: 0.8758
2025-08-21 15:51:19,319 - balanced_f1: 0.8431
2025-08-21 15:51:19,319 - balanced_precision: 0.8439
2025-08-21 15:51:19,319 - balanced_recall: 0.8432
2025-08-21 15:51:19,319 - balanced_accuracy: 0.8432
2025-08-21 15:51:19,319 - balanced_mcc: 0.6871
2025-08-21 15:51:19,319 - balanced_threshold: 0.6854329705238342
2025-08-21 15:51:19,319 - loss: 0.5519
2025-08-21 15:51:19,319 - ==================================================
2025-08-21 16:22:14,403 - === VALID METRICS ===
2025-08-21 16:22:14,404 - balanced_roc_auc: 0.8504
2025-08-21 16:22:14,404 - balanced_pr_auc: 0.8519
2025-08-21 16:22:14,404 - balanced_f1: 0.8069
2025-08-21 16:22:14,404 - balanced_precision: 0.8094
2025-08-21 16:22:14,404 - balanced_recall: 0.8072
2025-08-21 16:22:14,404 - balanced_accuracy: 0.8072
2025-08-21 16:22:14,404 - balanced_mcc: 0.6167
2025-08-21 16:22:14,404 - balanced_threshold: 0.526006817817688
2025-08-21 16:22:14,404 - loss: 0.5555
2025-08-21 16:22:14,404 - ==================================================
2025-08-21 16:52:53,873 - === VALID METRICS ===
2025-08-21 16:52:53,874 - balanced_roc_auc: 0.8630
2025-08-21 16:52:53,874 - balanced_pr_auc: 0.8678
2025-08-21 16:52:53,874 - balanced_f1: 0.8140
2025-08-21 16:52:53,874 - balanced_precision: 0.8140
2025-08-21 16:52:53,874 - balanced_recall: 0.8140
2025-08-21 16:52:53,874 - balanced_accuracy: 0.8140
2025-08-21 16:52:53,874 - balanced_mcc: 0.6280
2025-08-21 16:52:53,874 - balanced_threshold: 0.5673666596412659
2025-08-21 16:52:53,874 - loss: 0.5510
2025-08-21 16:52:53,874 - ==================================================
2025-08-21 17:23:29,776 - === VALID METRICS ===
2025-08-21 17:23:29,776 - balanced_roc_auc: 0.8720
2025-08-21 17:23:29,776 - balanced_pr_auc: 0.8652
2025-08-21 17:23:29,776 - balanced_f1: 0.8234
2025-08-21 17:23:29,776 - balanced_precision: 0.8236
2025-08-21 17:23:29,776 - balanced_recall: 0.8234
2025-08-21 17:23:29,776 - balanced_accuracy: 0.8234
2025-08-21 17:23:29,776 - balanced_mcc: 0.6470
2025-08-21 17:23:29,776 - balanced_threshold: 0.45781219005584717
2025-08-21 17:23:29,776 - loss: 0.5977
2025-08-21 17:23:29,776 - ==================================================
2025-08-21 17:54:12,526 - === VALID METRICS ===
2025-08-21 17:54:12,527 - balanced_roc_auc: 0.8520
2025-08-21 17:54:12,527 - balanced_pr_auc: 0.8366
2025-08-21 17:54:12,527 - balanced_f1: 0.7899
2025-08-21 17:54:12,528 - balanced_precision: 0.7908
2025-08-21 17:54:12,528 - balanced_recall: 0.7901
2025-08-21 17:54:12,528 - balanced_accuracy: 0.7901
2025-08-21 17:54:12,528 - balanced_mcc: 0.5809
2025-08-21 17:54:12,528 - balanced_threshold: 0.489541620016098
2025-08-21 17:54:12,528 - loss: 0.6308
2025-08-21 17:54:12,528 - ==================================================
2025-08-21 18:25:26,078 - === VALID METRICS ===
2025-08-21 18:25:26,078 - balanced_roc_auc: 0.8427
2025-08-21 18:25:26,078 - balanced_pr_auc: 0.8363
2025-08-21 18:25:26,078 - balanced_f1: 0.7942
2025-08-21 18:25:26,078 - balanced_precision: 0.8071
2025-08-21 18:25:26,078 - balanced_recall: 0.7960
2025-08-21 18:25:26,078 - balanced_accuracy: 0.7960
2025-08-21 18:25:26,078 - balanced_mcc: 0.6031
2025-08-21 18:25:26,078 - balanced_threshold: 0.4576127231121063
2025-08-21 18:25:26,078 - loss: 0.6171
2025-08-21 18:25:26,078 - ==================================================
2025-08-21 18:56:10,806 - === VALID METRICS ===
2025-08-21 18:56:10,807 - balanced_roc_auc: 0.8440
2025-08-21 18:56:10,807 - balanced_pr_auc: 0.8370
2025-08-21 18:56:10,807 - balanced_f1: 0.7927
2025-08-21 18:56:10,807 - balanced_precision: 0.8053
2025-08-21 18:56:10,807 - balanced_recall: 0.7945
2025-08-21 18:56:10,807 - balanced_accuracy: 0.7945
2025-08-21 18:56:10,807 - balanced_mcc: 0.5997
2025-08-21 18:56:10,807 - balanced_threshold: 0.4576127231121063
2025-08-21 18:56:10,807 - loss: 0.6175
2025-08-21 18:56:10,807 - ==================================================
2025-08-21 18:58:52,892 - === VALID METRICS ===
2025-08-21 18:58:52,893 - balanced_roc_auc: 0.8440
2025-08-21 18:58:52,893 - balanced_pr_auc: 0.8370
2025-08-21 18:58:52,893 - balanced_f1: 0.7925
2025-08-21 18:58:52,893 - balanced_precision: 0.8052
2025-08-21 18:58:52,893 - balanced_recall: 0.7943
2025-08-21 18:58:52,893 - balanced_accuracy: 0.7943
2025-08-21 18:58:52,893 - balanced_mcc: 0.5995
2025-08-21 18:58:52,893 - balanced_threshold: 0.4576127231121063
2025-08-21 18:58:52,893 - loss: 0.6175
2025-08-21 18:58:52,893 - ==================================================
2025-08-21 18:59:27,733 - === TEST METRICS ===
2025-08-21 18:59:27,734 - balanced_roc_auc: 0.6313
2025-08-21 18:59:27,734 - balanced_pr_auc: 0.6063
2025-08-21 18:59:27,734 - balanced_f1: 0.6124
2025-08-21 18:59:27,734 - balanced_precision: 0.6126
2025-08-21 18:59:27,734 - balanced_recall: 0.6125
2025-08-21 18:59:27,734 - balanced_accuracy: 0.6125
2025-08-21 18:59:27,734 - balanced_mcc: 0.2251
2025-08-21 18:59:27,734 - balanced_threshold: 0.9069023132324219
2025-08-21 18:59:27,734 - loss: 1.1997
2025-08-21 18:59:27,735 - ==================================================
