2025-08-25 22:46:06,285 - === TEST METRICS ===
2025-08-25 22:46:06,286 - balanced_roc_auc: 0.5334
2025-08-25 22:46:06,286 - balanced_pr_auc: 0.5351
2025-08-25 22:46:06,286 - balanced_f1: 0.5239
2025-08-25 22:46:06,286 - balanced_precision: 0.5243
2025-08-25 22:46:06,286 - balanced_recall: 0.5242
2025-08-25 22:46:06,286 - balanced_accuracy: 0.5242
2025-08-25 22:46:06,286 - balanced_mcc: 0.0485
2025-08-25 22:46:06,286 - balanced_threshold: 0.46347615122795105
2025-08-25 22:46:06,286 - loss: 0.6937
2025-08-25 22:46:06,286 - ==================================================
2025-08-25 23:16:46,137 - === VALID METRICS ===
2025-08-25 23:16:46,137 - balanced_roc_auc: 0.6480
2025-08-25 23:16:46,137 - balanced_pr_auc: 0.6459
2025-08-25 23:16:46,137 - balanced_f1: 0.6526
2025-08-25 23:16:46,137 - balanced_precision: 0.6630
2025-08-25 23:16:46,137 - balanced_recall: 0.6562
2025-08-25 23:16:46,137 - balanced_accuracy: 0.6562
2025-08-25 23:16:46,137 - balanced_mcc: 0.3191
2025-08-25 23:16:46,137 - balanced_threshold: 0.45762473344802856
2025-08-25 23:16:46,137 - loss: 0.6785
2025-08-25 23:16:46,137 - ==================================================
2025-08-25 23:47:35,587 - === VALID METRICS ===
2025-08-25 23:47:35,588 - balanced_roc_auc: 0.6212
2025-08-25 23:47:35,588 - balanced_pr_auc: 0.6323
2025-08-25 23:47:35,588 - balanced_f1: 0.5866
2025-08-25 23:47:35,588 - balanced_precision: 0.6156
2025-08-25 23:47:35,588 - balanced_recall: 0.6003
2025-08-25 23:47:35,588 - balanced_accuracy: 0.6003
2025-08-25 23:47:35,588 - balanced_mcc: 0.2153
2025-08-25 23:47:35,588 - balanced_threshold: 0.457614541053772
2025-08-25 23:47:35,588 - loss: 0.6830
2025-08-25 23:47:35,588 - ==================================================
2025-08-26 00:18:26,977 - === VALID METRICS ===
2025-08-26 00:18:26,977 - balanced_roc_auc: 0.6241
2025-08-26 00:18:26,977 - balanced_pr_auc: 0.6458
2025-08-26 00:18:26,977 - balanced_f1: 0.5864
2025-08-26 00:18:26,977 - balanced_precision: 0.6104
2025-08-26 00:18:26,977 - balanced_recall: 0.5980
2025-08-26 00:18:26,977 - balanced_accuracy: 0.5980
2025-08-26 00:18:26,977 - balanced_mcc: 0.2081
2025-08-26 00:18:26,977 - balanced_threshold: 0.4576249122619629
2025-08-26 00:18:26,977 - loss: 0.6691
2025-08-26 00:18:26,977 - ==================================================
2025-08-26 00:49:17,404 - === VALID METRICS ===
2025-08-26 00:49:17,405 - balanced_roc_auc: 0.6851
2025-08-26 00:49:17,405 - balanced_pr_auc: 0.6817
2025-08-26 00:49:17,405 - balanced_f1: 0.6610
2025-08-26 00:49:17,405 - balanced_precision: 0.6647
2025-08-26 00:49:17,405 - balanced_recall: 0.6623
2025-08-26 00:49:17,405 - balanced_accuracy: 0.6623
2025-08-26 00:49:17,405 - balanced_mcc: 0.3269
2025-08-26 00:49:17,405 - balanced_threshold: 0.45761197805404663
2025-08-26 00:49:17,405 - loss: 0.6692
2025-08-26 00:49:17,405 - ==================================================
2025-08-26 01:20:07,260 - === VALID METRICS ===
2025-08-26 01:20:07,261 - balanced_roc_auc: 0.7070
2025-08-26 01:20:07,261 - balanced_pr_auc: 0.6999
2025-08-26 01:20:07,261 - balanced_f1: 0.6964
2025-08-26 01:20:07,261 - balanced_precision: 0.7045
2025-08-26 01:20:07,261 - balanced_recall: 0.6986
2025-08-26 01:20:07,261 - balanced_accuracy: 0.6986
2025-08-26 01:20:07,261 - balanced_mcc: 0.4030
2025-08-26 01:20:07,261 - balanced_threshold: 0.4576290547847748
2025-08-26 01:20:07,261 - loss: 0.6652
2025-08-26 01:20:07,261 - ==================================================
2025-08-26 01:51:02,690 - === VALID METRICS ===
2025-08-26 01:51:02,690 - balanced_roc_auc: 0.7060
2025-08-26 01:51:02,691 - balanced_pr_auc: 0.7059
2025-08-26 01:51:02,691 - balanced_f1: 0.6966
2025-08-26 01:51:02,691 - balanced_precision: 0.7026
2025-08-26 01:51:02,691 - balanced_recall: 0.6982
2025-08-26 01:51:02,691 - balanced_accuracy: 0.6982
2025-08-26 01:51:02,691 - balanced_mcc: 0.4007
2025-08-26 01:51:02,691 - balanced_threshold: 0.4576166272163391
2025-08-26 01:51:02,691 - loss: 0.6610
2025-08-26 01:51:02,691 - ==================================================
2025-08-26 02:22:02,223 - === VALID METRICS ===
2025-08-26 02:22:02,224 - balanced_roc_auc: 0.6973
2025-08-26 02:22:02,224 - balanced_pr_auc: 0.7003
2025-08-26 02:22:02,224 - balanced_f1: 0.6705
2025-08-26 02:22:02,224 - balanced_precision: 0.6826
2025-08-26 02:22:02,224 - balanced_recall: 0.6743
2025-08-26 02:22:02,224 - balanced_accuracy: 0.6743
2025-08-26 02:22:02,224 - balanced_mcc: 0.3568
2025-08-26 02:22:02,224 - balanced_threshold: 0.45761626958847046
2025-08-26 02:22:02,224 - loss: 0.6602
2025-08-26 02:22:02,224 - ==================================================
2025-08-26 02:24:40,355 - === VALID METRICS ===
2025-08-26 02:24:40,356 - balanced_roc_auc: 0.6972
2025-08-26 02:24:40,356 - balanced_pr_auc: 0.7002
2025-08-26 02:24:40,356 - balanced_f1: 0.6703
2025-08-26 02:24:40,356 - balanced_precision: 0.6808
2025-08-26 02:24:40,356 - balanced_recall: 0.6736
2025-08-26 02:24:40,356 - balanced_accuracy: 0.6736
2025-08-26 02:24:40,356 - balanced_mcc: 0.3544
2025-08-26 02:24:40,356 - balanced_threshold: 0.4576146900653839
2025-08-26 02:24:40,356 - loss: 0.6602
2025-08-26 02:24:40,356 - ==================================================
2025-08-26 02:25:12,680 - === TEST METRICS ===
2025-08-26 02:25:12,680 - balanced_roc_auc: 0.7260
2025-08-26 02:25:12,680 - balanced_pr_auc: 0.7501
2025-08-26 02:25:12,680 - balanced_f1: 0.6822
2025-08-26 02:25:12,680 - balanced_precision: 0.6838
2025-08-26 02:25:12,680 - balanced_recall: 0.6827
2025-08-26 02:25:12,680 - balanced_accuracy: 0.6827
2025-08-26 02:25:12,680 - balanced_mcc: 0.3665
2025-08-26 02:25:12,680 - balanced_threshold: 0.4576526880264282
2025-08-26 02:25:12,680 - loss: 0.6252
2025-08-26 02:25:12,680 - ==================================================
