2025-08-26 03:00:53,091 - === TEST METRICS ===
2025-08-26 03:00:53,091 - balanced_roc_auc: 0.4369
2025-08-26 03:00:53,091 - balanced_pr_auc: 0.4503
2025-08-26 03:00:53,091 - balanced_f1: 0.4536
2025-08-26 03:00:53,091 - balanced_precision: 0.4536
2025-08-26 03:00:53,091 - balanced_recall: 0.4537
2025-08-26 03:00:53,091 - balanced_accuracy: 0.4537
2025-08-26 03:00:53,091 - balanced_mcc: -0.0927
2025-08-26 03:00:53,091 - balanced_threshold: 0.4636910557746887
2025-08-26 03:00:53,091 - loss: 0.7056
2025-08-26 03:00:53,091 - ==================================================
2025-08-26 03:31:38,791 - === VALID METRICS ===
2025-08-26 03:31:38,792 - balanced_roc_auc: 0.9040
2025-08-26 03:31:38,792 - balanced_pr_auc: 0.8885
2025-08-26 03:31:38,792 - balanced_f1: 0.8426
2025-08-26 03:31:38,792 - balanced_precision: 0.8538
2025-08-26 03:31:38,792 - balanced_recall: 0.8437
2025-08-26 03:31:38,792 - balanced_accuracy: 0.8437
2025-08-26 03:31:38,792 - balanced_mcc: 0.6974
2025-08-26 03:31:38,792 - balanced_threshold: 0.6621412038803101
2025-08-26 03:31:38,792 - loss: 0.5497
2025-08-26 03:31:38,792 - ==================================================
2025-08-26 04:02:56,582 - === VALID METRICS ===
2025-08-26 04:02:56,583 - balanced_roc_auc: 0.8711
2025-08-26 04:02:56,583 - balanced_pr_auc: 0.8549
2025-08-26 04:02:56,583 - balanced_f1: 0.8090
2025-08-26 04:02:56,583 - balanced_precision: 0.8090
2025-08-26 04:02:56,583 - balanced_recall: 0.8090
2025-08-26 04:02:56,583 - balanced_accuracy: 0.8090
2025-08-26 04:02:56,583 - balanced_mcc: 0.6181
2025-08-26 04:02:56,583 - balanced_threshold: 0.5647907853126526
2025-08-26 04:02:56,583 - loss: 0.5757
2025-08-26 04:02:56,583 - ==================================================
2025-08-26 04:34:21,030 - === VALID METRICS ===
2025-08-26 04:34:21,031 - balanced_roc_auc: 0.8977
2025-08-26 04:34:21,031 - balanced_pr_auc: 0.8881
2025-08-26 04:34:21,031 - balanced_f1: 0.8312
2025-08-26 04:34:21,031 - balanced_precision: 0.8344
2025-08-26 04:34:21,031 - balanced_recall: 0.8316
2025-08-26 04:34:21,031 - balanced_accuracy: 0.8316
2025-08-26 04:34:21,031 - balanced_mcc: 0.6660
2025-08-26 04:34:21,031 - balanced_threshold: 0.7020063400268555
2025-08-26 04:34:21,031 - loss: 0.5868
2025-08-26 04:34:21,031 - ==================================================
2025-08-26 05:05:41,544 - === VALID METRICS ===
2025-08-26 05:05:41,544 - balanced_roc_auc: 0.8961
2025-08-26 05:05:41,545 - balanced_pr_auc: 0.8842
2025-08-26 05:05:41,545 - balanced_f1: 0.8247
2025-08-26 05:05:41,545 - balanced_precision: 0.8280
2025-08-26 05:05:41,545 - balanced_recall: 0.8251
2025-08-26 05:05:41,545 - balanced_accuracy: 0.8251
2025-08-26 05:05:41,545 - balanced_mcc: 0.6531
2025-08-26 05:05:41,545 - balanced_threshold: 0.6038448810577393
2025-08-26 05:05:41,545 - loss: 0.5626
2025-08-26 05:05:41,545 - ==================================================
2025-08-26 05:36:59,740 - === VALID METRICS ===
2025-08-26 05:36:59,741 - balanced_roc_auc: 0.9095
2025-08-26 05:36:59,741 - balanced_pr_auc: 0.9019
2025-08-26 05:36:59,741 - balanced_f1: 0.8336
2025-08-26 05:36:59,741 - balanced_precision: 0.8378
2025-08-26 05:36:59,741 - balanced_recall: 0.8341
2025-08-26 05:36:59,741 - balanced_accuracy: 0.8341
2025-08-26 05:36:59,741 - balanced_mcc: 0.6719
2025-08-26 05:36:59,741 - balanced_threshold: 0.4608112871646881
2025-08-26 05:36:59,741 - loss: 0.5399
2025-08-26 05:36:59,741 - ==================================================
2025-08-26 06:08:26,029 - === VALID METRICS ===
2025-08-26 06:08:26,030 - balanced_roc_auc: 0.9066
2025-08-26 06:08:26,030 - balanced_pr_auc: 0.8998
2025-08-26 06:08:26,030 - balanced_f1: 0.8366
2025-08-26 06:08:26,030 - balanced_precision: 0.8372
2025-08-26 06:08:26,030 - balanced_recall: 0.8366
2025-08-26 06:08:26,030 - balanced_accuracy: 0.8366
2025-08-26 06:08:26,030 - balanced_mcc: 0.6738
2025-08-26 06:08:26,030 - balanced_threshold: 0.5665819048881531
2025-08-26 06:08:26,030 - loss: 0.5346
2025-08-26 06:08:26,030 - ==================================================
2025-08-26 06:39:43,754 - === VALID METRICS ===
2025-08-26 06:39:43,755 - balanced_roc_auc: 0.9057
2025-08-26 06:39:43,755 - balanced_pr_auc: 0.8976
2025-08-26 06:39:43,755 - balanced_f1: 0.8353
2025-08-26 06:39:43,755 - balanced_precision: 0.8376
2025-08-26 06:39:43,755 - balanced_recall: 0.8356
2025-08-26 06:39:43,755 - balanced_accuracy: 0.8356
2025-08-26 06:39:43,755 - balanced_mcc: 0.6732
2025-08-26 06:39:43,755 - balanced_threshold: 0.49313655495643616
2025-08-26 06:39:43,755 - loss: 0.5392
2025-08-26 06:39:43,755 - ==================================================
2025-08-26 06:42:25,629 - === VALID METRICS ===
2025-08-26 06:42:25,630 - balanced_roc_auc: 0.9057
2025-08-26 06:42:25,630 - balanced_pr_auc: 0.8976
2025-08-26 06:42:25,630 - balanced_f1: 0.8352
2025-08-26 06:42:25,630 - balanced_precision: 0.8375
2025-08-26 06:42:25,630 - balanced_recall: 0.8355
2025-08-26 06:42:25,630 - balanced_accuracy: 0.8355
2025-08-26 06:42:25,630 - balanced_mcc: 0.6730
2025-08-26 06:42:25,630 - balanced_threshold: 0.49261409044265747
2025-08-26 06:42:25,630 - loss: 0.5392
2025-08-26 06:42:25,630 - ==================================================
2025-08-26 06:42:59,743 - === TEST METRICS ===
2025-08-26 06:42:59,744 - balanced_roc_auc: 0.6324
2025-08-26 06:42:59,744 - balanced_pr_auc: 0.5957
2025-08-26 06:42:59,744 - balanced_f1: 0.6223
2025-08-26 06:42:59,744 - balanced_precision: 0.6229
2025-08-26 06:42:59,744 - balanced_recall: 0.6226
2025-08-26 06:42:59,744 - balanced_accuracy: 0.6226
2025-08-26 06:42:59,744 - balanced_mcc: 0.2455
2025-08-26 06:42:59,744 - balanced_threshold: 0.9199114441871643
2025-08-26 06:42:59,744 - loss: 1.2086
2025-08-26 06:42:59,744 - ==================================================
