2025-08-26 07:19:13,664 - === TEST METRICS ===
2025-08-26 07:19:13,665 - balanced_roc_auc: 0.4369
2025-08-26 07:19:13,665 - balanced_pr_auc: 0.4503
2025-08-26 07:19:13,665 - balanced_f1: 0.4536
2025-08-26 07:19:13,665 - balanced_precision: 0.4536
2025-08-26 07:19:13,665 - balanced_recall: 0.4537
2025-08-26 07:19:13,665 - balanced_accuracy: 0.4537
2025-08-26 07:19:13,665 - balanced_mcc: -0.0927
2025-08-26 07:19:13,665 - balanced_threshold: 0.4636910557746887
2025-08-26 07:19:13,665 - loss: 0.7056
2025-08-26 07:19:13,665 - ==================================================
2025-08-26 07:50:22,866 - === VALID METRICS ===
2025-08-26 07:50:22,867 - balanced_roc_auc: 0.7270
2025-08-26 07:50:22,867 - balanced_pr_auc: 0.7085
2025-08-26 07:50:22,867 - balanced_f1: 0.6937
2025-08-26 07:50:22,867 - balanced_precision: 0.7011
2025-08-26 07:50:22,867 - balanced_recall: 0.6957
2025-08-26 07:50:22,867 - balanced_accuracy: 0.6957
2025-08-26 07:50:22,867 - balanced_mcc: 0.3968
2025-08-26 07:50:22,867 - balanced_threshold: 0.4780256450176239
2025-08-26 07:50:22,867 - loss: 0.6394
2025-08-26 07:50:22,867 - ==================================================
2025-08-26 08:21:35,670 - === VALID METRICS ===
2025-08-26 08:21:35,671 - balanced_roc_auc: 0.7112
2025-08-26 08:21:35,671 - balanced_pr_auc: 0.6951
2025-08-26 08:21:35,671 - balanced_f1: 0.6793
2025-08-26 08:21:35,671 - balanced_precision: 0.6804
2025-08-26 08:21:35,671 - balanced_recall: 0.6796
2025-08-26 08:21:35,671 - balanced_accuracy: 0.6796
2025-08-26 08:21:35,671 - balanced_mcc: 0.3601
2025-08-26 08:21:35,671 - balanced_threshold: 0.45782336592674255
2025-08-26 08:21:35,671 - loss: 0.6658
2025-08-26 08:21:35,671 - ==================================================
2025-08-26 08:52:50,991 - === VALID METRICS ===
2025-08-26 08:52:50,992 - balanced_roc_auc: 0.5989
2025-08-26 08:52:50,992 - balanced_pr_auc: 0.6356
2025-08-26 08:52:50,992 - balanced_f1: 0.5936
2025-08-26 08:52:50,992 - balanced_precision: 0.5943
2025-08-26 08:52:50,992 - balanced_recall: 0.5939
2025-08-26 08:52:50,992 - balanced_accuracy: 0.5939
2025-08-26 08:52:50,992 - balanced_mcc: 0.1882
2025-08-26 08:52:50,992 - balanced_threshold: 0.45761358737945557
2025-08-26 08:52:50,992 - loss: 0.6690
2025-08-26 08:52:50,992 - ==================================================
2025-08-26 09:24:20,905 - === VALID METRICS ===
2025-08-26 09:24:20,906 - balanced_roc_auc: 0.5737
2025-08-26 09:24:20,906 - balanced_pr_auc: 0.6426
2025-08-26 09:24:20,906 - balanced_f1: 0.6060
2025-08-26 09:24:20,906 - balanced_precision: 0.6274
2025-08-26 09:24:20,906 - balanced_recall: 0.6153
2025-08-26 09:24:20,906 - balanced_accuracy: 0.6153
2025-08-26 09:24:20,906 - balanced_mcc: 0.2424
2025-08-26 09:24:20,906 - balanced_threshold: 0.45764943957328796
2025-08-26 09:24:20,906 - loss: 0.6580
2025-08-26 09:24:20,906 - ==================================================
2025-08-26 09:55:46,953 - === VALID METRICS ===
2025-08-26 09:55:46,954 - balanced_roc_auc: 0.6155
2025-08-26 09:55:46,954 - balanced_pr_auc: 0.6649
2025-08-26 09:55:46,954 - balanced_f1: 0.6171
2025-08-26 09:55:46,954 - balanced_precision: 0.6397
2025-08-26 09:55:46,954 - balanced_recall: 0.6263
2025-08-26 09:55:46,954 - balanced_accuracy: 0.6263
2025-08-26 09:55:46,954 - balanced_mcc: 0.2657
2025-08-26 09:55:46,954 - balanced_threshold: 0.4579712450504303
2025-08-26 09:55:46,954 - loss: 0.6526
2025-08-26 09:55:46,954 - ==================================================
2025-08-26 10:27:17,478 - === VALID METRICS ===
2025-08-26 10:27:17,478 - balanced_roc_auc: 0.6968
2025-08-26 10:27:17,479 - balanced_pr_auc: 0.7077
2025-08-26 10:27:17,479 - balanced_f1: 0.6809
2025-08-26 10:27:17,479 - balanced_precision: 0.6824
2025-08-26 10:27:17,479 - balanced_recall: 0.6813
2025-08-26 10:27:17,479 - balanced_accuracy: 0.6813
2025-08-26 10:27:17,479 - balanced_mcc: 0.3637
2025-08-26 10:27:17,479 - balanced_threshold: 0.4576120376586914
2025-08-26 10:27:17,479 - loss: 0.6485
2025-08-26 10:27:17,479 - ==================================================
2025-08-26 10:58:49,486 - === VALID METRICS ===
2025-08-26 10:58:49,486 - balanced_roc_auc: 0.6996
2025-08-26 10:58:49,486 - balanced_pr_auc: 0.7090
2025-08-26 10:58:49,486 - balanced_f1: 0.6833
2025-08-26 10:58:49,486 - balanced_precision: 0.6857
2025-08-26 10:58:49,486 - balanced_recall: 0.6840
2025-08-26 10:58:49,486 - balanced_accuracy: 0.6840
2025-08-26 10:58:49,486 - balanced_mcc: 0.3697
2025-08-26 10:58:49,486 - balanced_threshold: 0.45761528611183167
2025-08-26 10:58:49,486 - loss: 0.6492
2025-08-26 10:58:49,486 - ==================================================
2025-08-26 11:01:34,693 - === VALID METRICS ===
2025-08-26 11:01:34,693 - balanced_roc_auc: 0.6996
2025-08-26 11:01:34,694 - balanced_pr_auc: 0.7090
2025-08-26 11:01:34,694 - balanced_f1: 0.6837
2025-08-26 11:01:34,694 - balanced_precision: 0.6863
2025-08-26 11:01:34,694 - balanced_recall: 0.6845
2025-08-26 11:01:34,694 - balanced_accuracy: 0.6845
2025-08-26 11:01:34,694 - balanced_mcc: 0.3708
2025-08-26 11:01:34,694 - balanced_threshold: 0.45761552453041077
2025-08-26 11:01:34,694 - loss: 0.6492
2025-08-26 11:01:34,694 - ==================================================
2025-08-26 11:02:10,352 - === TEST METRICS ===
2025-08-26 11:02:10,353 - balanced_roc_auc: 0.7119
2025-08-26 11:02:10,353 - balanced_pr_auc: 0.7235
2025-08-26 11:02:10,353 - balanced_f1: 0.6695
2025-08-26 11:02:10,353 - balanced_precision: 0.6715
2025-08-26 11:02:10,353 - balanced_recall: 0.6701
2025-08-26 11:02:10,353 - balanced_accuracy: 0.6701
2025-08-26 11:02:10,353 - balanced_mcc: 0.3416
2025-08-26 11:02:10,353 - balanced_threshold: 0.4879327416419983
2025-08-26 11:02:10,353 - loss: 0.6367
2025-08-26 11:02:10,353 - ==================================================
