2025-08-23 00:02:02,283 - === TEST METRICS ===
2025-08-23 00:02:02,283 - balanced_roc_auc: 0.4868
2025-08-23 00:02:02,283 - balanced_pr_auc: 0.4935
2025-08-23 00:02:02,283 - balanced_f1: 0.4966
2025-08-23 00:02:02,283 - balanced_precision: 0.4981
2025-08-23 00:02:02,283 - balanced_recall: 0.4981
2025-08-23 00:02:02,283 - balanced_accuracy: 0.4981
2025-08-23 00:02:02,283 - balanced_mcc: -0.0038
2025-08-23 00:02:02,283 - balanced_threshold: 0.6792848110198975
2025-08-23 00:02:02,283 - loss: 0.7917
2025-08-23 00:02:02,283 - ==================================================
2025-08-23 00:32:37,893 - === VALID METRICS ===
2025-08-23 00:32:37,894 - balanced_roc_auc: 0.6976
2025-08-23 00:32:37,894 - balanced_pr_auc: 0.7000
2025-08-23 00:32:37,894 - balanced_f1: 0.6836
2025-08-23 00:32:37,894 - balanced_precision: 0.7035
2025-08-23 00:32:37,894 - balanced_recall: 0.6892
2025-08-23 00:32:37,894 - balanced_accuracy: 0.6892
2025-08-23 00:32:37,894 - balanced_mcc: 0.3925
2025-08-23 00:32:37,894 - balanced_threshold: 0.5778073072433472
2025-08-23 00:32:37,894 - loss: 0.6321
2025-08-23 00:32:37,894 - ==================================================
2025-08-23 01:03:11,697 - === VALID METRICS ===
2025-08-23 01:03:11,697 - balanced_roc_auc: 0.5911
2025-08-23 01:03:11,697 - balanced_pr_auc: 0.6308
2025-08-23 01:03:11,697 - balanced_f1: 0.5985
2025-08-23 01:03:11,697 - balanced_precision: 0.6085
2025-08-23 01:03:11,697 - balanced_recall: 0.6033
2025-08-23 01:03:11,697 - balanced_accuracy: 0.6033
2025-08-23 01:03:11,697 - balanced_mcc: 0.2117
2025-08-23 01:03:11,697 - balanced_threshold: 0.4576402008533478
2025-08-23 01:03:11,697 - loss: 0.6735
2025-08-23 01:03:11,697 - ==================================================
2025-08-23 01:33:45,157 - === VALID METRICS ===
2025-08-23 01:33:45,158 - balanced_roc_auc: 0.5603
2025-08-23 01:33:45,158 - balanced_pr_auc: 0.6163
2025-08-23 01:33:45,158 - balanced_f1: 0.5828
2025-08-23 01:33:45,158 - balanced_precision: 0.6039
2025-08-23 01:33:45,158 - balanced_recall: 0.5933
2025-08-23 01:33:45,158 - balanced_accuracy: 0.5933
2025-08-23 01:33:45,158 - balanced_mcc: 0.1969
2025-08-23 01:33:45,158 - balanced_threshold: 0.45764848589897156
2025-08-23 01:33:45,158 - loss: 0.6782
2025-08-23 01:33:45,158 - ==================================================
2025-08-23 02:04:22,034 - === VALID METRICS ===
2025-08-23 02:04:22,034 - balanced_roc_auc: 0.6810
2025-08-23 02:04:22,034 - balanced_pr_auc: 0.6829
2025-08-23 02:04:22,034 - balanced_f1: 0.6639
2025-08-23 02:04:22,034 - balanced_precision: 0.6646
2025-08-23 02:04:22,034 - balanced_recall: 0.6642
2025-08-23 02:04:22,034 - balanced_accuracy: 0.6642
2025-08-23 02:04:22,035 - balanced_mcc: 0.3288
2025-08-23 02:04:22,035 - balanced_threshold: 0.4576156437397003
2025-08-23 02:04:22,035 - loss: 0.6661
2025-08-23 02:04:22,035 - ==================================================
2025-08-23 02:34:55,765 - === VALID METRICS ===
2025-08-23 02:34:55,766 - balanced_roc_auc: 0.6645
2025-08-23 02:34:55,766 - balanced_pr_auc: 0.6743
2025-08-23 02:34:55,766 - balanced_f1: 0.5918
2025-08-23 02:34:55,766 - balanced_precision: 0.6038
2025-08-23 02:34:55,766 - balanced_recall: 0.5977
2025-08-23 02:34:55,766 - balanced_accuracy: 0.5977
2025-08-23 02:34:55,766 - balanced_mcc: 0.2014
2025-08-23 02:34:55,766 - balanced_threshold: 0.45761337876319885
2025-08-23 02:34:55,766 - loss: 0.6629
2025-08-23 02:34:55,766 - ==================================================
2025-08-23 03:05:29,000 - === VALID METRICS ===
2025-08-23 03:05:29,000 - balanced_roc_auc: 0.6800
2025-08-23 03:05:29,000 - balanced_pr_auc: 0.6837
2025-08-23 03:05:29,000 - balanced_f1: 0.6524
2025-08-23 03:05:29,000 - balanced_precision: 0.6524
2025-08-23 03:05:29,000 - balanced_recall: 0.6524
2025-08-23 03:05:29,000 - balanced_accuracy: 0.6524
2025-08-23 03:05:29,000 - balanced_mcc: 0.3049
2025-08-23 03:05:29,000 - balanced_threshold: 0.4576106369495392
2025-08-23 03:05:29,000 - loss: 0.6625
2025-08-23 03:05:29,000 - ==================================================
2025-08-23 03:36:02,414 - === VALID METRICS ===
2025-08-23 03:36:02,414 - balanced_roc_auc: 0.6828
2025-08-23 03:36:02,414 - balanced_pr_auc: 0.6857
2025-08-23 03:36:02,414 - balanced_f1: 0.6505
2025-08-23 03:36:02,414 - balanced_precision: 0.6509
2025-08-23 03:36:02,414 - balanced_recall: 0.6506
2025-08-23 03:36:02,414 - balanced_accuracy: 0.6506
2025-08-23 03:36:02,414 - balanced_mcc: 0.3015
2025-08-23 03:36:02,414 - balanced_threshold: 0.4576106369495392
2025-08-23 03:36:02,414 - loss: 0.6629
2025-08-23 03:36:02,414 - ==================================================
2025-08-23 03:38:43,462 - === VALID METRICS ===
2025-08-23 03:38:43,462 - balanced_roc_auc: 0.6828
2025-08-23 03:38:43,462 - balanced_pr_auc: 0.6857
2025-08-23 03:38:43,462 - balanced_f1: 0.6506
2025-08-23 03:38:43,462 - balanced_precision: 0.6509
2025-08-23 03:38:43,462 - balanced_recall: 0.6507
2025-08-23 03:38:43,462 - balanced_accuracy: 0.6507
2025-08-23 03:38:43,462 - balanced_mcc: 0.3017
2025-08-23 03:38:43,462 - balanced_threshold: 0.4576106369495392
2025-08-23 03:38:43,462 - loss: 0.6629
2025-08-23 03:38:43,462 - ==================================================
2025-08-23 03:39:17,842 - === TEST METRICS ===
2025-08-23 03:39:17,843 - balanced_roc_auc: 0.6699
2025-08-23 03:39:17,843 - balanced_pr_auc: 0.7040
2025-08-23 03:39:17,843 - balanced_f1: 0.6495
2025-08-23 03:39:17,843 - balanced_precision: 0.6567
2025-08-23 03:39:17,843 - balanced_recall: 0.6521
2025-08-23 03:39:17,843 - balanced_accuracy: 0.6521
2025-08-23 03:39:17,843 - balanced_mcc: 0.3088
2025-08-23 03:39:17,843 - balanced_threshold: 0.5505614280700684
2025-08-23 03:39:17,843 - loss: 0.6423
2025-08-23 03:39:17,843 - ==================================================
