2025-08-22 19:48:19,535 - === TEST METRICS ===
2025-08-22 19:48:19,536 - balanced_roc_auc: 0.4868
2025-08-22 19:48:19,537 - balanced_pr_auc: 0.4935
2025-08-22 19:48:19,537 - balanced_f1: 0.4967
2025-08-22 19:48:19,537 - balanced_precision: 0.4982
2025-08-22 19:48:19,537 - balanced_recall: 0.4982
2025-08-22 19:48:19,537 - balanced_accuracy: 0.4982
2025-08-22 19:48:19,537 - balanced_mcc: -0.0036
2025-08-22 19:48:19,537 - balanced_threshold: 0.6792677044868469
2025-08-22 19:48:19,537 - loss: 0.7917
2025-08-22 19:48:19,537 - ==================================================
2025-08-22 20:19:09,232 - === VALID METRICS ===
2025-08-22 20:19:09,233 - balanced_roc_auc: 0.7319
2025-08-22 20:19:09,233 - balanced_pr_auc: 0.7691
2025-08-22 20:19:09,233 - balanced_f1: 0.7128
2025-08-22 20:19:09,234 - balanced_precision: 0.7209
2025-08-22 20:19:09,234 - balanced_recall: 0.7148
2025-08-22 20:19:09,234 - balanced_accuracy: 0.7148
2025-08-22 20:19:09,234 - balanced_mcc: 0.4356
2025-08-22 20:19:09,234 - balanced_threshold: 0.5889434218406677
2025-08-22 20:19:09,234 - loss: 0.6209
2025-08-22 20:19:09,234 - ==================================================
2025-08-22 20:50:12,891 - === VALID METRICS ===
2025-08-22 20:50:12,893 - balanced_roc_auc: 0.9009
2025-08-22 20:50:12,893 - balanced_pr_auc: 0.8821
2025-08-22 20:50:12,893 - balanced_f1: 0.8546
2025-08-22 20:50:12,893 - balanced_precision: 0.8704
2025-08-22 20:50:12,893 - balanced_recall: 0.8560
2025-08-22 20:50:12,893 - balanced_accuracy: 0.8560
2025-08-22 20:50:12,893 - balanced_mcc: 0.7263
2025-08-22 20:50:12,893 - balanced_threshold: 0.5072965025901794
2025-08-22 20:50:12,893 - loss: 0.5460
2025-08-22 20:50:12,893 - ==================================================
2025-08-22 21:21:05,980 - === VALID METRICS ===
2025-08-22 21:21:05,981 - balanced_roc_auc: 0.9179
2025-08-22 21:21:05,981 - balanced_pr_auc: 0.9067
2025-08-22 21:21:05,981 - balanced_f1: 0.8461
2025-08-22 21:21:05,981 - balanced_precision: 0.8465
2025-08-22 21:21:05,981 - balanced_recall: 0.8462
2025-08-22 21:21:05,981 - balanced_accuracy: 0.8462
2025-08-22 21:21:05,981 - balanced_mcc: 0.6926
2025-08-22 21:21:05,981 - balanced_threshold: 0.6020374298095703
2025-08-22 21:21:05,981 - loss: 0.5126
2025-08-22 21:21:05,981 - ==================================================
2025-08-22 21:52:00,707 - === VALID METRICS ===
2025-08-22 21:52:00,708 - balanced_roc_auc: 0.8964
2025-08-22 21:52:00,708 - balanced_pr_auc: 0.8949
2025-08-22 21:52:00,708 - balanced_f1: 0.8552
2025-08-22 21:52:00,708 - balanced_precision: 0.8579
2025-08-22 21:52:00,708 - balanced_recall: 0.8554
2025-08-22 21:52:00,708 - balanced_accuracy: 0.8554
2025-08-22 21:52:00,708 - balanced_mcc: 0.7133
2025-08-22 21:52:00,709 - balanced_threshold: 0.4596908986568451
2025-08-22 21:52:00,709 - loss: 0.5274
2025-08-22 21:52:00,709 - ==================================================
2025-08-22 22:22:55,611 - === VALID METRICS ===
2025-08-22 22:22:55,612 - balanced_roc_auc: 0.9062
2025-08-22 22:22:55,612 - balanced_pr_auc: 0.9000
2025-08-22 22:22:55,612 - balanced_f1: 0.8484
2025-08-22 22:22:55,612 - balanced_precision: 0.8484
2025-08-22 22:22:55,612 - balanced_recall: 0.8484
2025-08-22 22:22:55,612 - balanced_accuracy: 0.8484
2025-08-22 22:22:55,612 - balanced_mcc: 0.6967
2025-08-22 22:22:55,612 - balanced_threshold: 0.4619969427585602
2025-08-22 22:22:55,612 - loss: 0.5296
2025-08-22 22:22:55,612 - ==================================================
2025-08-22 22:53:52,719 - === VALID METRICS ===
2025-08-22 22:53:52,720 - balanced_roc_auc: 0.9005
2025-08-22 22:53:52,720 - balanced_pr_auc: 0.8935
2025-08-22 22:53:52,720 - balanced_f1: 0.8359
2025-08-22 22:53:52,720 - balanced_precision: 0.8393
2025-08-22 22:53:52,720 - balanced_recall: 0.8362
2025-08-22 22:53:52,720 - balanced_accuracy: 0.8362
2025-08-22 22:53:52,720 - balanced_mcc: 0.6755
2025-08-22 22:53:52,720 - balanced_threshold: 0.4576394855976105
2025-08-22 22:53:52,720 - loss: 0.5353
2025-08-22 22:53:52,720 - ==================================================
2025-08-22 23:24:49,186 - === VALID METRICS ===
2025-08-22 23:24:49,188 - balanced_roc_auc: 0.8996
2025-08-22 23:24:49,188 - balanced_pr_auc: 0.8932
2025-08-22 23:24:49,188 - balanced_f1: 0.8277
2025-08-22 23:24:49,188 - balanced_precision: 0.8328
2025-08-22 23:24:49,188 - balanced_recall: 0.8283
2025-08-22 23:24:49,188 - balanced_accuracy: 0.8283
2025-08-22 23:24:49,188 - balanced_mcc: 0.6611
2025-08-22 23:24:49,188 - balanced_threshold: 0.45762917399406433
2025-08-22 23:24:49,188 - loss: 0.5342
2025-08-22 23:24:49,188 - ==================================================
2025-08-22 23:27:30,130 - === VALID METRICS ===
2025-08-22 23:27:30,132 - balanced_roc_auc: 0.8996
2025-08-22 23:27:30,132 - balanced_pr_auc: 0.8932
2025-08-22 23:27:30,132 - balanced_f1: 0.8278
2025-08-22 23:27:30,132 - balanced_precision: 0.8329
2025-08-22 23:27:30,132 - balanced_recall: 0.8284
2025-08-22 23:27:30,132 - balanced_accuracy: 0.8284
2025-08-22 23:27:30,132 - balanced_mcc: 0.6613
2025-08-22 23:27:30,132 - balanced_threshold: 0.45762887597084045
2025-08-22 23:27:30,132 - loss: 0.5342
2025-08-22 23:27:30,132 - ==================================================
2025-08-22 23:28:04,443 - === TEST METRICS ===
2025-08-22 23:28:04,444 - balanced_roc_auc: 0.6183
2025-08-22 23:28:04,444 - balanced_pr_auc: 0.5783
2025-08-22 23:28:04,444 - balanced_f1: 0.6130
2025-08-22 23:28:04,444 - balanced_precision: 0.6141
2025-08-22 23:28:04,444 - balanced_recall: 0.6135
2025-08-22 23:28:04,444 - balanced_accuracy: 0.6135
2025-08-22 23:28:04,444 - balanced_mcc: 0.2276
2025-08-22 23:28:04,444 - balanced_threshold: 0.9093148112297058
2025-08-22 23:28:04,444 - loss: 1.2059
2025-08-22 23:28:04,444 - ==================================================
