2025-08-21 23:08:08,332 - === TEST METRICS ===
2025-08-21 23:08:08,333 - balanced_roc_auc: 0.5017
2025-08-21 23:08:08,333 - balanced_pr_auc: 0.5044
2025-08-21 23:08:08,333 - balanced_f1: 0.5043
2025-08-21 23:08:08,333 - balanced_precision: 0.5062
2025-08-21 23:08:08,333 - balanced_recall: 0.5061
2025-08-21 23:08:08,333 - balanced_accuracy: 0.5061
2025-08-21 23:08:08,333 - balanced_mcc: 0.0122
2025-08-21 23:08:08,333 - balanced_threshold: 0.6190693974494934
2025-08-21 23:08:08,333 - loss: 0.7381
2025-08-21 23:08:08,333 - ==================================================
2025-08-21 23:38:15,115 - === VALID METRICS ===
2025-08-21 23:38:15,115 - balanced_roc_auc: 0.6892
2025-08-21 23:38:15,115 - balanced_pr_auc: 0.6797
2025-08-21 23:38:15,115 - balanced_f1: 0.6755
2025-08-21 23:38:15,115 - balanced_precision: 0.6932
2025-08-21 23:38:15,115 - balanced_recall: 0.6807
2025-08-21 23:38:15,116 - balanced_accuracy: 0.6807
2025-08-21 23:38:15,116 - balanced_mcc: 0.3738
2025-08-21 23:38:15,116 - balanced_threshold: 0.5314469933509827
2025-08-21 23:38:15,116 - loss: 0.6595
2025-08-21 23:38:15,116 - ==================================================
2025-08-22 00:08:30,539 - === VALID METRICS ===
2025-08-22 00:08:30,539 - balanced_roc_auc: 0.6631
2025-08-22 00:08:30,539 - balanced_pr_auc: 0.6643
2025-08-22 00:08:30,539 - balanced_f1: 0.6429
2025-08-22 00:08:30,539 - balanced_precision: 0.6611
2025-08-22 00:08:30,539 - balanced_recall: 0.6494
2025-08-22 00:08:30,539 - balanced_accuracy: 0.6494
2025-08-22 00:08:30,539 - balanced_mcc: 0.3102
2025-08-22 00:08:30,539 - balanced_threshold: 0.457616925239563
2025-08-22 00:08:30,539 - loss: 0.6685
2025-08-22 00:08:30,539 - ==================================================
2025-08-22 00:38:55,799 - === VALID METRICS ===
2025-08-22 00:38:55,800 - balanced_roc_auc: 0.6430
2025-08-22 00:38:55,800 - balanced_pr_auc: 0.6695
2025-08-22 00:38:55,800 - balanced_f1: 0.6621
2025-08-22 00:38:55,800 - balanced_precision: 0.6708
2025-08-22 00:38:55,800 - balanced_recall: 0.6649
2025-08-22 00:38:55,800 - balanced_accuracy: 0.6649
2025-08-22 00:38:55,800 - balanced_mcc: 0.3357
2025-08-22 00:38:55,800 - balanced_threshold: 0.45762771368026733
2025-08-22 00:38:55,800 - loss: 0.6604
2025-08-22 00:38:55,800 - ==================================================
2025-08-22 01:09:31,656 - === VALID METRICS ===
2025-08-22 01:09:31,656 - balanced_roc_auc: 0.5490
2025-08-22 01:09:31,656 - balanced_pr_auc: 0.6284
2025-08-22 01:09:31,656 - balanced_f1: 0.5936
2025-08-22 01:09:31,656 - balanced_precision: 0.6132
2025-08-22 01:09:31,656 - balanced_recall: 0.6029
2025-08-22 01:09:31,657 - balanced_accuracy: 0.6029
2025-08-22 01:09:31,657 - balanced_mcc: 0.2158
2025-08-22 01:09:31,657 - balanced_threshold: 0.45762336254119873
2025-08-22 01:09:31,657 - loss: 0.6655
2025-08-22 01:09:31,657 - ==================================================
2025-08-22 01:40:13,343 - === VALID METRICS ===
2025-08-22 01:40:13,343 - balanced_roc_auc: 0.5733
2025-08-22 01:40:13,343 - balanced_pr_auc: 0.6449
2025-08-22 01:40:13,343 - balanced_f1: 0.6057
2025-08-22 01:40:13,343 - balanced_precision: 0.6245
2025-08-22 01:40:13,343 - balanced_recall: 0.6140
2025-08-22 01:40:13,343 - balanced_accuracy: 0.6140
2025-08-22 01:40:13,343 - balanced_mcc: 0.2383
2025-08-22 01:40:13,343 - balanced_threshold: 0.457674503326416
2025-08-22 01:40:13,343 - loss: 0.6557
2025-08-22 01:40:13,343 - ==================================================
2025-08-22 02:10:55,455 - === VALID METRICS ===
2025-08-22 02:10:55,455 - balanced_roc_auc: 0.6500
2025-08-22 02:10:55,455 - balanced_pr_auc: 0.6827
2025-08-22 02:10:55,455 - balanced_f1: 0.6194
2025-08-22 02:10:55,455 - balanced_precision: 0.6383
2025-08-22 02:10:55,455 - balanced_recall: 0.6271
2025-08-22 02:10:55,455 - balanced_accuracy: 0.6271
2025-08-22 02:10:55,455 - balanced_mcc: 0.2652
2025-08-22 02:10:55,455 - balanced_threshold: 0.4576214849948883
2025-08-22 02:10:55,455 - loss: 0.6506
2025-08-22 02:10:55,455 - ==================================================
2025-08-22 02:41:37,219 - === VALID METRICS ===
2025-08-22 02:41:37,219 - balanced_roc_auc: 0.6403
2025-08-22 02:41:37,219 - balanced_pr_auc: 0.6785
2025-08-22 02:41:37,219 - balanced_f1: 0.6250
2025-08-22 02:41:37,219 - balanced_precision: 0.6478
2025-08-22 02:41:37,219 - balanced_recall: 0.6339
2025-08-22 02:41:37,219 - balanced_accuracy: 0.6339
2025-08-22 02:41:37,219 - balanced_mcc: 0.2813
2025-08-22 02:41:37,219 - balanced_threshold: 0.45771342515945435
2025-08-22 02:41:37,220 - loss: 0.6501
2025-08-22 02:41:37,220 - ==================================================
2025-08-22 02:44:14,015 - === VALID METRICS ===
2025-08-22 02:44:14,016 - balanced_roc_auc: 0.6404
2025-08-22 02:44:14,016 - balanced_pr_auc: 0.6785
2025-08-22 02:44:14,016 - balanced_f1: 0.6250
2025-08-22 02:44:14,016 - balanced_precision: 0.6461
2025-08-22 02:44:14,016 - balanced_recall: 0.6333
2025-08-22 02:44:14,016 - balanced_accuracy: 0.6333
2025-08-22 02:44:14,016 - balanced_mcc: 0.2791
2025-08-22 02:44:14,016 - balanced_threshold: 0.4576490819454193
2025-08-22 02:44:14,016 - loss: 0.6501
2025-08-22 02:44:14,016 - ==================================================
2025-08-22 02:44:45,939 - === TEST METRICS ===
2025-08-22 02:44:45,940 - balanced_roc_auc: 0.6980
2025-08-22 02:44:45,940 - balanced_pr_auc: 0.7236
2025-08-22 02:44:45,940 - balanced_f1: 0.6564
2025-08-22 02:44:45,940 - balanced_precision: 0.6632
2025-08-22 02:44:45,940 - balanced_recall: 0.6588
2025-08-22 02:44:45,940 - balanced_accuracy: 0.6588
2025-08-22 02:44:45,940 - balanced_mcc: 0.3220
2025-08-22 02:44:45,940 - balanced_threshold: 0.5371256470680237
2025-08-22 02:44:45,940 - loss: 0.6437
2025-08-22 02:44:45,940 - ==================================================
