2025-08-21 19:35:56,361 - === TEST METRICS ===
2025-08-21 19:35:56,362 - balanced_roc_auc: 0.4986
2025-08-21 19:35:56,362 - balanced_pr_auc: 0.5034
2025-08-21 19:35:56,362 - balanced_f1: 0.5003
2025-08-21 19:35:56,362 - balanced_precision: 0.5103
2025-08-21 19:35:56,362 - balanced_recall: 0.5096
2025-08-21 19:35:56,362 - balanced_accuracy: 0.5096
2025-08-21 19:35:56,362 - balanced_mcc: 0.0199
2025-08-21 19:35:56,362 - balanced_threshold: 0.5026484727859497
2025-08-21 19:35:56,362 - loss: 0.7136
2025-08-21 19:35:56,362 - ==================================================
2025-08-21 20:06:43,817 - === VALID METRICS ===
2025-08-21 20:06:43,817 - balanced_roc_auc: 0.6015
2025-08-21 20:06:43,817 - balanced_pr_auc: 0.6292
2025-08-21 20:06:43,817 - balanced_f1: 0.6064
2025-08-21 20:06:43,817 - balanced_precision: 0.6236
2025-08-21 20:06:43,817 - balanced_recall: 0.6140
2025-08-21 20:06:43,818 - balanced_accuracy: 0.6140
2025-08-21 20:06:43,818 - balanced_mcc: 0.2374
2025-08-21 20:06:43,818 - balanced_threshold: 0.46418678760528564
2025-08-21 20:06:43,818 - loss: 0.6705
2025-08-21 20:06:43,818 - ==================================================
2025-08-21 20:37:30,049 - === VALID METRICS ===
2025-08-21 20:37:30,050 - balanced_roc_auc: 0.7014
2025-08-21 20:37:30,050 - balanced_pr_auc: 0.6973
2025-08-21 20:37:30,050 - balanced_f1: 0.6957
2025-08-21 20:37:30,050 - balanced_precision: 0.6958
2025-08-21 20:37:30,050 - balanced_recall: 0.6957
2025-08-21 20:37:30,050 - balanced_accuracy: 0.6957
2025-08-21 20:37:30,050 - balanced_mcc: 0.3915
2025-08-21 20:37:30,050 - balanced_threshold: 0.4578944444656372
2025-08-21 20:37:30,050 - loss: 0.6550
2025-08-21 20:37:30,050 - ==================================================
2025-08-21 21:08:13,673 - === VALID METRICS ===
2025-08-21 21:08:13,673 - balanced_roc_auc: 0.5272
2025-08-21 21:08:13,673 - balanced_pr_auc: 0.6071
2025-08-21 21:08:13,673 - balanced_f1: 0.5684
2025-08-21 21:08:13,673 - balanced_precision: 0.5802
2025-08-21 21:08:13,673 - balanced_recall: 0.5752
2025-08-21 21:08:13,673 - balanced_accuracy: 0.5752
2025-08-21 21:08:13,673 - balanced_mcc: 0.1553
2025-08-21 21:08:13,673 - balanced_threshold: 0.45763036608695984
2025-08-21 21:08:13,673 - loss: 0.6750
2025-08-21 21:08:13,673 - ==================================================
2025-08-21 21:39:01,817 - === VALID METRICS ===
2025-08-21 21:39:01,818 - balanced_roc_auc: 0.7100
2025-08-21 21:39:01,818 - balanced_pr_auc: 0.7039
2025-08-21 21:39:01,818 - balanced_f1: 0.7011
2025-08-21 21:39:01,818 - balanced_precision: 0.7018
2025-08-21 21:39:01,818 - balanced_recall: 0.7013
2025-08-21 21:39:01,818 - balanced_accuracy: 0.7013
2025-08-21 21:39:01,818 - balanced_mcc: 0.4031
2025-08-21 21:39:01,818 - balanced_threshold: 0.4576137959957123
2025-08-21 21:39:01,818 - loss: 0.6615
2025-08-21 21:39:01,818 - ==================================================
2025-08-21 22:09:55,220 - === VALID METRICS ===
2025-08-21 22:09:55,221 - balanced_roc_auc: 0.7161
2025-08-21 22:09:55,221 - balanced_pr_auc: 0.7108
2025-08-21 22:09:55,221 - balanced_f1: 0.7011
2025-08-21 22:09:55,221 - balanced_precision: 0.7054
2025-08-21 22:09:55,221 - balanced_recall: 0.7023
2025-08-21 22:09:55,221 - balanced_accuracy: 0.7023
2025-08-21 22:09:55,221 - balanced_mcc: 0.4077
2025-08-21 22:09:55,221 - balanced_threshold: 0.45765918493270874
2025-08-21 22:09:55,221 - loss: 0.6584
2025-08-21 22:09:55,221 - ==================================================
2025-08-21 22:40:48,216 - === VALID METRICS ===
2025-08-21 22:40:48,216 - balanced_roc_auc: 0.6859
2025-08-21 22:40:48,216 - balanced_pr_auc: 0.6932
2025-08-21 22:40:48,216 - balanced_f1: 0.6938
2025-08-21 22:40:48,216 - balanced_precision: 0.6939
2025-08-21 22:40:48,216 - balanced_recall: 0.6938
2025-08-21 22:40:48,216 - balanced_accuracy: 0.6938
2025-08-21 22:40:48,216 - balanced_mcc: 0.3877
2025-08-21 22:40:48,216 - balanced_threshold: 0.457610547542572
2025-08-21 22:40:48,216 - loss: 0.6633
2025-08-21 22:40:48,216 - ==================================================
2025-08-21 23:11:42,861 - === VALID METRICS ===
2025-08-21 23:11:42,861 - balanced_roc_auc: 0.7210
2025-08-21 23:11:42,862 - balanced_pr_auc: 0.7106
2025-08-21 23:11:42,862 - balanced_f1: 0.7017
2025-08-21 23:11:42,862 - balanced_precision: 0.7017
2025-08-21 23:11:42,862 - balanced_recall: 0.7017
2025-08-21 23:11:42,862 - balanced_accuracy: 0.7017
2025-08-21 23:11:42,862 - balanced_mcc: 0.4034
2025-08-21 23:11:42,862 - balanced_threshold: 0.457610547542572
2025-08-21 23:11:42,862 - loss: 0.6613
2025-08-21 23:11:42,862 - ==================================================
2025-08-21 23:14:25,928 - === VALID METRICS ===
2025-08-21 23:14:25,929 - balanced_roc_auc: 0.7211
2025-08-21 23:14:25,929 - balanced_pr_auc: 0.7107
2025-08-21 23:14:25,929 - balanced_f1: 0.7017
2025-08-21 23:14:25,929 - balanced_precision: 0.7017
2025-08-21 23:14:25,929 - balanced_recall: 0.7017
2025-08-21 23:14:25,929 - balanced_accuracy: 0.7017
2025-08-21 23:14:25,929 - balanced_mcc: 0.4034
2025-08-21 23:14:25,929 - balanced_threshold: 0.457610547542572
2025-08-21 23:14:25,929 - loss: 0.6613
2025-08-21 23:14:25,929 - ==================================================
2025-08-21 23:14:59,973 - === TEST METRICS ===
2025-08-21 23:14:59,974 - balanced_roc_auc: 0.7249
2025-08-21 23:14:59,974 - balanced_pr_auc: 0.7518
2025-08-21 23:14:59,974 - balanced_f1: 0.6831
2025-08-21 23:14:59,974 - balanced_precision: 0.6876
2025-08-21 23:14:59,974 - balanced_recall: 0.6845
2025-08-21 23:14:59,974 - balanced_accuracy: 0.6845
2025-08-21 23:14:59,974 - balanced_mcc: 0.3721
2025-08-21 23:14:59,974 - balanced_threshold: 0.4702954888343811
2025-08-21 23:14:59,974 - loss: 0.6201
2025-08-21 23:14:59,974 - ==================================================
